 
 2017-02-20 12:17:08 
 No User id updated. 
 Vertical Shifting No application id updated. 
 Vertical Shifting No flat id updated. 
 Category Shifting No application id updated. 
 Category Shifting No flat id updated. 
  
 2017-02-20 12:33:53 
 The updated User ids are 4 
 Vertical Shifting No application id updated. 
 Vertical Shifting No flat id updated. 
 Category Shifting No application id updated. 
 Category Shifting No flat id updated. 
  
 2017-02-20 12:37:04 
 The updated User ids are 17,18 
 Vertical Shifting No application id updated. 
 Vertical Shifting No flat id updated. 
 Category Shifting No application id updated. 
 Category Shifting No flat id updated. 
  
 2017-02-20 13:04:24 
 No User id updated. 
 Vertical Shifting No application id updated. 
 Vertical Shifting No flat id updated. 
 Category Shifting No application id updated. 
 Category Shifting No flat id updated. 
  
 2017-02-20 18:05:01 
 No User id updated. 
 Vertical Shifting No application id updated. 
 Vertical Shifting No flat id updated. 
 Category Shifting No application id updated. 
 Category Shifting No flat id updated. 
  
 2017-02-22 11:03:41 
 No User id updated. 
 Vertical Shifting No application id updated. 
 Vertical Shifting No flat id updated. 
 Category Shifting No application id updated. 
 Category Shifting No flat id updated. 
  
 2017-02-23 14:22:48 
 No User id updated. 
 Vertical Shifting No application id updated. 
 Vertical Shifting No flat id updated. 
 Category Shifting No application id updated. 
 Category Shifting No flat id updated. 
  
 2017-02-23 15:28:18 
 The updated User ids are 57 
 Vertical Shifting No application id updated. 
 Vertical Shifting No flat id updated. 
 Category Shifting No application id updated. 
 Category Shifting No flat id updated. 
  
 2017-02-27 10:23:11 
 No User id updated. 
 Vertical Shifting No application id updated. 
 Vertical Shifting No flat id updated. 
 Category Shifting No application id updated. 
 Category Shifting No flat id updated. 
  
 2017-02-28 10:25:51 
 No User id updated. 
 Vertical Shifting No application id updated. 
 Vertical Shifting No flat id updated. 
 Category Shifting No application id updated. 
 Category Shifting No flat id updated. 
  
 2017-03-01 10:31:36 
 No User id updated. 
 Vertical Shifting No application id updated. 
 Vertical Shifting No flat id updated. 
 Category Shifting No application id updated. 
 Category Shifting No flat id updated. 
  
 2017-03-02 10:33:39 
 No User id updated. 
 Vertical Shifting No application id updated. 
 Vertical Shifting No flat id updated. 
 Category Shifting No application id updated. 
 Category Shifting No flat id updated. 
  
 2017-03-03 11:22:29 
 The updated User ids are 57 
 Vertical Shifting No application id updated. 
 Vertical Shifting No flat id updated. 
 Category Shifting No application id updated. 
 Category Shifting No flat id updated. 
  
 2017-03-08 17:48:26 
 The updated User ids are 57 
 Vertical Shifting No application id updated. 
 Vertical Shifting No flat id updated. 
 Category Shifting No application id updated. 
 Category Shifting No flat id updated. 
  
 2017-03-09 12:26:53 
 The updated User ids are 57 
 Vertical Shifting No application id updated. 
 Vertical Shifting No flat id updated. 
 Category Shifting No application id updated. 
 Category Shifting No flat id updated. 
  
 2017-03-09 13:32:24 
 The updated User ids are 57 
 Vertical Shifting No application id updated. 
 Vertical Shifting No flat id updated. 
 Category Shifting No application id updated. 
 Category Shifting No flat id updated. 
  
 2017-03-09 14:32:49 
 No User id updated. 
 Vertical Shifting No application id updated. 
 Vertical Shifting No flat id updated. 
 Category Shifting No application id updated. 
 Category Shifting No flat id updated. 
  
 2017-03-09 17:15:24 
 No User id updated. 
 Vertical Shifting No application id updated. 
 Vertical Shifting No flat id updated. 
 Category Shifting No application id updated. 
 Category Shifting No flat id updated. 
  
 2017-03-14 11:10:57 
 No User id updated. 
 Vertical Shifting No application id updated. 
 Vertical Shifting No flat id updated. 
 Category Shifting No application id updated. 
 Category Shifting No flat id updated. 
  
 2017-03-15 15:53:36 
 No User id updated. 
 Vertical Shifting No application id updated. 
 Vertical Shifting No flat id updated. 
 Category Shifting No application id updated. 
 Category Shifting No flat id updated. 
  
 2017-03-16 17:13:21 
 No User id updated. 
 Vertical Shifting No application id updated. 
 Vertical Shifting No flat id updated. 
 Category Shifting No application id updated. 
 Category Shifting No flat id updated. 
  
 2017-03-20 10:25:54 
 No User id updated. 
 Vertical Shifting No application id updated. 
 Vertical Shifting No flat id updated. 
 Category Shifting No application id updated. 
 Category Shifting No flat id updated. 
  
 2017-03-21 10:56:29 
 No User id updated. 
 Vertical Shifting No application id updated. 
 Vertical Shifting No flat id updated. 
 Category Shifting No application id updated. 
 Category Shifting No flat id updated. 
  
 2017-03-22 12:24:55 
 No User id updated. 
 Vertical Shifting No application id updated. 
 Vertical Shifting No flat id updated. 
 Category Shifting No application id updated. 
 Category Shifting No flat id updated. 
  
 2017-03-23 14:04:36 
 No User id updated. 
 Vertical Shifting No application id updated. 
 Vertical Shifting No flat id updated. 
 Category Shifting No application id updated. 
 Category Shifting No flat id updated. 
  
 2017-03-24 14:38:22 
 No User id updated. 
 Vertical Shifting No application id updated. 
 Vertical Shifting No flat id updated. 
 Category Shifting No application id updated. 
 Category Shifting No flat id updated. 
  
 2017-03-27 10:27:07 
 The updated User ids are 909 
 Vertical Shifting No application id updated. 
 Vertical Shifting No flat id updated. 
 Category Shifting No application id updated. 
 Category Shifting No flat id updated. 
  
 2017-03-28 10:32:43 
 No User id updated. 
 Vertical Shifting No application id updated. 
 Vertical Shifting No flat id updated. 
 Category Shifting No application id updated. 
 Category Shifting No flat id updated. 
  
 2017-03-29 10:42:29 
 No User id updated. 
 Vertical Shifting No application id updated. 
 Vertical Shifting No flat id updated. 
 Category Shifting No application id updated. 
 Category Shifting No flat id updated. 
  
 2017-03-30 12:04:50 
 No User id updated. 
 Vertical Shifting No application id updated. 
 Vertical Shifting No flat id updated. 
 Category Shifting No application id updated. 
 Category Shifting No flat id updated. 
  
 2017-03-30 17:55:53 
 No User id updated. 
 Vertical Shifting No application id updated. 
 Vertical Shifting No flat id updated. 
 Category Shifting No application id updated. 
 Category Shifting No flat id updated. 
  
 2017-03-30 12:36:30 
 No User id updated. 
 Vertical Shifting No application id updated. 
 Vertical Shifting No flat id updated. 
 Category Shifting No application id updated. 
 Category Shifting No flat id updated. 
  
 2017-03-30 12:36:32 
 No User id updated. 
 Vertical Shifting No application id updated. 
 Vertical Shifting No flat id updated. 
 Category Shifting No application id updated. 
 Category Shifting No flat id updated. 
  
 2017-03-30 12:53:18 
 No User id updated. 
 Vertical Shifting No application id updated. 
 Vertical Shifting No flat id updated. 
 Category Shifting No application id updated. 
 Category Shifting No flat id updated. 
  
 2017-03-30 12:53:49 
 No User id updated. 
 Vertical Shifting No application id updated. 
 Vertical Shifting No flat id updated. 
 Category Shifting No application id updated. 
 Category Shifting No flat id updated. 
  
 2017-03-30 12:54:19 
 No User id updated. 
 Vertical Shifting No application id updated. 
 Vertical Shifting No flat id updated. 
 Category Shifting No application id updated. 
 Category Shifting No flat id updated. 
  
 2017-04-19 12:17:53 
 No User id updated. 
 Vertical Shifting No application id updated. 
 Vertical Shifting No flat id updated. 
 Category Shifting No application id updated. 
 Category Shifting No flat id updated. 
  
 2017-04-20 12:52:18 
 No User id updated. 
 Vertical Shifting No application id updated. 
 Vertical Shifting No flat id updated. 
 Category Shifting No application id updated. 
 Category Shifting No flat id updated. 
  
 2017-04-21 13:05:35 
 No User id updated. 
 Vertical Shifting No application id updated. 
 Vertical Shifting No flat id updated. 
 Category Shifting No application id updated. 
 Category Shifting No flat id updated. 
  
 2017-04-24 11:07:33 
 No User id updated. 
 Vertical Shifting No application id updated. 
 Vertical Shifting No flat id updated. 
 Category Shifting No application id updated. 
 Category Shifting No flat id updated. 
  
 2017-04-25 11:18:22 
 No User id updated. 
 Vertical Shifting No application id updated. 
 Vertical Shifting No flat id updated. 
 Category Shifting No application id updated. 
 Category Shifting No flat id updated. 
  
 2017-04-26 11:32:18 
 No User id updated. 
 Vertical Shifting No application id updated. 
 Vertical Shifting No flat id updated. 
 Category Shifting No application id updated. 
 Category Shifting No flat id updated. 
  
 2017-04-27 12:20:26 
 No User id updated. 
 Vertical Shifting No application id updated. 
 Vertical Shifting No flat id updated. 
 Category Shifting No application id updated. 
 Category Shifting No flat id updated. 
  
 2017-05-03 14:16:44 
 No User id updated. 
 Vertical Shifting No application id updated. 
 Vertical Shifting No flat id updated. 
 Category Shifting No application id updated. 
 Category Shifting No flat id updated. 
  
 2017-05-04 14:16:45 
 No User id updated. 
 Vertical Shifting No application id updated. 
 Vertical Shifting No flat id updated. 
 Category Shifting No application id updated. 
 Category Shifting No flat id updated. 
  
 2017-05-05 14:21:21 
 No User id updated. 
 Vertical Shifting No application id updated. 
 Vertical Shifting No flat id updated. 
 Category Shifting No application id updated. 
 Category Shifting No flat id updated. 
  
 2017-05-08 11:46:28 
 No User id updated. 
 Vertical Shifting No application id updated. 
 Vertical Shifting No flat id updated. 
 Category Shifting No application id updated. 
 Category Shifting No flat id updated. 
  
 2017-05-11 14:25:05 
 No User id updated. 
 Vertical Shifting No application id updated. 
 Vertical Shifting No flat id updated. 
 Category Shifting No application id updated. 
 Category Shifting No flat id updated. 
  
 2017-05-15 12:23:54 
 No User id updated. 
 Vertical Shifting No application id updated. 
 Vertical Shifting No flat id updated. 
 Category Shifting No application id updated. 
 Category Shifting No flat id updated. 
  
 2017-05-16 13:20:31 
 The updated User ids are 37 
 Vertical Shifting No application id updated. 
 Vertical Shifting No flat id updated. 
 Category Shifting No application id updated. 
 Category Shifting No flat id updated. 
  
 2017-05-17 13:31:08 
 No User id updated. 
 Vertical Shifting No application id updated. 
 Vertical Shifting No flat id updated. 
 Category Shifting No application id updated. 
 Category Shifting No flat id updated. 
  
 2017-05-18 13:53:09 
 No User id updated. 
 Vertical Shifting No application id updated. 
 Vertical Shifting No flat id updated. 
 Category Shifting No application id updated. 
 Category Shifting No flat id updated. 
  
 2017-05-19 13:58:30 
 No User id updated. 
 Vertical Shifting No application id updated. 
 Vertical Shifting No flat id updated. 
 Category Shifting No application id updated. 
 Category Shifting No flat id updated. 
  
 2017-05-22 17:28:49 
 No User id updated. 
 Vertical Shifting No application id updated. 
 Vertical Shifting No flat id updated. 
 Category Shifting No application id updated. 
 Category Shifting No flat id updated. 
  
 2017-05-24 12:08:24 
 No User id updated. 
 Vertical Shifting No application id updated. 
 Vertical Shifting No flat id updated. 
 Category Shifting No application id updated. 
 Category Shifting No flat id updated. 
  
 2017-05-25 17:42:17 
 The updated User ids are 909,910,911,912,913 
 Vertical Shifting No application id updated. 
 Vertical Shifting No flat id updated. 
 Category Shifting No application id updated. 
 Category Shifting No flat id updated. 
  
 2017-06-12 17:30:13 
 The updated User ids are 914,916 
 Vertical Shifting No application id updated. 
 Vertical Shifting No flat id updated. 
 Category Shifting No application id updated. 
 Category Shifting No flat id updated. 
  
 2017-06-13 17:30:12 
 No User id updated. 
 Vertical Shifting No application id updated. 
 Vertical Shifting No flat id updated. 
 Category Shifting No application id updated. 
 Category Shifting No flat id updated. 
  
 2017-06-14 17:30:14 
 No User id updated. 
 Vertical Shifting No application id updated. 
 Vertical Shifting No flat id updated. 
 Category Shifting No application id updated. 
 Category Shifting No flat id updated. 
  
 2017-06-14 17:30:31 
 No User id updated. 
 Vertical Shifting No application id updated. 
 Vertical Shifting No flat id updated. 
 Category Shifting No application id updated. 
 Category Shifting No flat id updated. 
  
 2017-06-19 13:56:17 
 No User id updated. 
 Vertical Shifting No application id updated. 
 Vertical Shifting No flat id updated. 
 Category Shifting No application id updated. 
 Category Shifting No flat id updated. 
  
 2017-06-20 14:08:32 
 No User id updated. 
 Vertical Shifting No application id updated. 
 Vertical Shifting No flat id updated. 
 Category Shifting No application id updated. 
 Category Shifting No flat id updated. 
  
 2017-06-21 16:11:12 
 No User id updated. 
 Vertical Shifting No application id updated. 
 Vertical Shifting No flat id updated. 
 Category Shifting No application id updated. 
 Category Shifting No flat id updated. 
  
 2017-06-22 17:26:07 
 No User id updated. 
 Vertical Shifting No application id updated. 
 Vertical Shifting No flat id updated. 
 Category Shifting No application id updated. 
 Category Shifting No flat id updated. 
  
 2017-06-23 17:26:15 
 No User id updated. 
 Vertical Shifting No application id updated. 
 Vertical Shifting No flat id updated. 
 Category Shifting No application id updated. 
 Category Shifting No flat id updated. 
  
 2017-06-28 13:26:37 
 No User id updated. 
 Vertical Shifting No application id updated. 
 Vertical Shifting No flat id updated. 
 Category Shifting No application id updated. 
 Category Shifting No flat id updated. 
  
 2017-07-06 15:16:52 
 No User id updated. 
 Vertical Shifting No application id updated. 
 Vertical Shifting No flat id updated. 
 Category Shifting No application id updated. 
 Category Shifting No flat id updated. 
  
 2017-07-12 12:15:20 
 No User id updated. 
 Vertical Shifting No application id updated. 
 Vertical Shifting No flat id updated. 
 Category Shifting No application id updated. 
 Category Shifting No flat id updated. 
  
 2017-07-13 12:18:58 
 The updated User ids are 917 
 Vertical Shifting No application id updated. 
 Vertical Shifting No flat id updated. 
 Category Shifting No application id updated. 
 Category Shifting No flat id updated. 
  
 2017-07-14 14:46:24 
 The updated User ids are 918 
 Vertical Shifting No application id updated. 
 Vertical Shifting No flat id updated. 
 Category Shifting No application id updated. 
 Category Shifting No flat id updated. 
  
 2017-07-20 15:00:27 
 No User id updated. 
 Vertical Shifting No application id updated. 
 Vertical Shifting No flat id updated. 
 Category Shifting No application id updated. 
 Category Shifting No flat id updated. 
  
 2017-07-21 15:09:42 
 The updated User ids are 913 
 Vertical Shifting No application id updated. 
 Vertical Shifting No flat id updated. 
 Category Shifting No application id updated. 
 Category Shifting No flat id updated. 
  
 2017-07-22 15:11:38 
 The updated User ids are 919,920,921 
 Vertical Shifting No application id updated. 
 Vertical Shifting No flat id updated. 
 Category Shifting No application id updated. 
 Category Shifting No flat id updated. 
  
 2017-07-25 12:45:19 
 No User id updated. 
 Vertical Shifting No application id updated. 
 Vertical Shifting No flat id updated. 
 Category Shifting No application id updated. 
 Category Shifting No flat id updated. 
  
 2017-07-26 13:12:00 
 No User id updated. 
 Vertical Shifting No application id updated. 
 Vertical Shifting No flat id updated. 
 Category Shifting No application id updated. 
 Category Shifting No flat id updated. 
  
 2017-08-01 13:10:47 
 No User id updated. 
 Vertical Shifting No application id updated. 
 Vertical Shifting No flat id updated. 
 Category Shifting No application id updated. 
 Category Shifting No flat id updated. 
  
 2017-08-11 13:38:25 
 The updated User ids are 917,918 
 Vertical Shifting No application id updated. 
 Vertical Shifting No flat id updated. 
 Category Shifting No application id updated. 
 Category Shifting No flat id updated. 
  
 2017-08-23 15:11:50 
 No User id updated. 
 Vertical Shifting No application id updated. 
 Vertical Shifting No flat id updated. 
 Category Shifting No application id updated. 
 Category Shifting No flat id updated. 
  
 2017-09-11 15:04:16 
 No User id updated. 
 Vertical Shifting No application id updated. 
 Vertical Shifting No flat id updated. 
 Category Shifting No application id updated. 
 Category Shifting No flat id updated. 
  
 2017-09-12 18:25:12 
 No User id updated. 
 Vertical Shifting No application id updated. 
 Vertical Shifting No flat id updated. 
 Category Shifting No application id updated. 
 Category Shifting No flat id updated. 
  
 2017-09-14 15:37:28 
 No User id updated. 
 Vertical Shifting No application id updated. 
 Vertical Shifting No flat id updated. 
 Category Shifting No application id updated. 
 Category Shifting No flat id updated. 
  
 2017-09-15 17:46:47 
 No User id updated. 
 Vertical Shifting No application id updated. 
 Vertical Shifting No flat id updated. 
 Category Shifting No application id updated. 
 Category Shifting No flat id updated. 
  
 2017-09-18 17:27:57 
 No User id updated. 
 Vertical Shifting No application id updated. 
 Vertical Shifting No flat id updated. 
 Category Shifting No application id updated. 
 Category Shifting No flat id updated. 
  
 2017-10-17 04:27:00 
 No User id updated. 
 Vertical Shifting No application id updated. 
 Vertical Shifting No flat id updated. 
 Category Shifting No application id updated. 
 Category Shifting No flat id updated. 
  
 2017-10-18 10:37:03 
 No User id updated. 
 Vertical Shifting No application id updated. 
 Vertical Shifting No flat id updated. 
 Category Shifting No application id updated. 
 Category Shifting No flat id updated. 
  
 2017-10-19 12:00:45 
 No User id updated. 
 Vertical Shifting No application id updated. 
 Vertical Shifting No flat id updated. 
 Category Shifting No application id updated. 
 Category Shifting No flat id updated. 
  
 2017-10-20 12:32:22 
 No User id updated. 
 Vertical Shifting No application id updated. 
 Vertical Shifting No flat id updated. 
 Category Shifting No application id updated. 
 Category Shifting No flat id updated. 
  
 2017-10-21 12:39:23 
 No User id updated. 
 Vertical Shifting No application id updated. 
 Vertical Shifting No flat id updated. 
 Category Shifting No application id updated. 
 Category Shifting No flat id updated. 
  
 2017-10-22 12:43:44 
 No User id updated. 
 Vertical Shifting No application id updated. 
 Vertical Shifting No flat id updated. 
 Category Shifting No application id updated. 
 Category Shifting No flat id updated. 
  
 2017-10-23 13:01:47 
 No User id updated. 
 Vertical Shifting No application id updated. 
 Vertical Shifting No flat id updated. 
 Category Shifting No application id updated. 
 Category Shifting No flat id updated. 
  
 2017-10-24 13:06:24 
 The updated User ids are 20 
 Vertical Shifting No application id updated. 
 Vertical Shifting No flat id updated. 
 Category Shifting No application id updated. 
 Category Shifting No flat id updated. 
  
 2017-10-25 13:07:19 
 No User id updated. 
 Vertical Shifting No application id updated. 
 Vertical Shifting No flat id updated. 
 Category Shifting No application id updated. 
 Category Shifting No flat id updated. 
  
 2017-10-26 13:08:50 
 No User id updated. 
 Vertical Shifting No application id updated. 
 Vertical Shifting No flat id updated. 
 Category Shifting No application id updated. 
 Category Shifting No flat id updated. 
  
 2017-10-27 13:27:23 
 No User id updated. 
 Vertical Shifting No application id updated. 
 Vertical Shifting No flat id updated. 
 Category Shifting No application id updated. 
 Category Shifting No flat id updated. 
  
 2017-10-28 16:17:05 
 No User id updated. 
 Vertical Shifting No application id updated. 
 Vertical Shifting No flat id updated. 
 Category Shifting No application id updated. 
 Category Shifting No flat id updated. 
  
 2017-10-29 17:39:06 
 No User id updated. 
 Vertical Shifting No application id updated. 
 Vertical Shifting No flat id updated. 
 Category Shifting No application id updated. 
 Category Shifting No flat id updated. 
  
 2017-10-30 17:46:16 
 No User id updated. 
 Vertical Shifting No application id updated. 
 Vertical Shifting No flat id updated. 
 Category Shifting No application id updated. 
 Category Shifting No flat id updated. 
  
 2017-10-31 17:48:59 
 No User id updated. 
 Vertical Shifting No application id updated. 
 Vertical Shifting No flat id updated. 
 Category Shifting No application id updated. 
 Category Shifting No flat id updated. 
  
 2017-11-02 14:41:45 
 No User id updated. 
 Vertical Shifting No application id updated. 
 Vertical Shifting No flat id updated. 
 Category Shifting No application id updated. 
 Category Shifting No flat id updated. 
  
 2017-11-03 14:47:11 
 No User id updated. 
 Vertical Shifting No application id updated. 
 Vertical Shifting No flat id updated. 
 Category Shifting No application id updated. 
 Category Shifting No flat id updated. 
  
 2017-11-04 14:55:48 
 No User id updated. 
 Vertical Shifting No application id updated. 
 Vertical Shifting No flat id updated. 
 Category Shifting No application id updated. 
 Category Shifting No flat id updated. 
  
 2017-11-05 17:45:59 
 No User id updated. 
 Vertical Shifting No application id updated. 
 Vertical Shifting No flat id updated. 
 Category Shifting No application id updated. 
 Category Shifting No flat id updated. 
  
 2017-11-06 17:53:05 
 No User id updated. 
 Vertical Shifting No application id updated. 
 Vertical Shifting No flat id updated. 
 Category Shifting No application id updated. 
 Category Shifting No flat id updated. 
  
 2017-11-07 17:58:43 
 No User id updated. 
 Vertical Shifting No application id updated. 
 Vertical Shifting No flat id updated. 
 Category Shifting No application id updated. 
 Category Shifting No flat id updated. 
  
 2017-11-08 18:01:07 
 No User id updated. 
 Vertical Shifting No application id updated. 
 Vertical Shifting No flat id updated. 
 Category Shifting No application id updated. 
 Category Shifting No flat id updated. 
  
 2017-11-09 18:30:58 
 No User id updated. 
 Vertical Shifting No application id updated. 
 Vertical Shifting No flat id updated. 
 Category Shifting No application id updated. 
 Category Shifting No flat id updated. 
  
 2017-11-10 19:57:09 
 No User id updated. 
 Vertical Shifting No application id updated. 
 Vertical Shifting No flat id updated. 
 Category Shifting No application id updated. 
 Category Shifting No flat id updated. 
  
 2017-11-11 23:33:46 
 No User id updated. 
 Vertical Shifting No application id updated. 
 Vertical Shifting No flat id updated. 
 Category Shifting No application id updated. 
 Category Shifting No flat id updated. 
  
 2017-11-13 02:49:09 
 No User id updated. 
 Vertical Shifting No application id updated. 
 Vertical Shifting No flat id updated. 
 Category Shifting No application id updated. 
 Category Shifting No flat id updated. 
  
 2017-11-14 02:59:05 
 No User id updated. 
 Vertical Shifting No application id updated. 
 Vertical Shifting No flat id updated. 
 Category Shifting No application id updated. 
 Category Shifting No flat id updated. 
  
 2017-11-15 03:58:56 
 No User id updated. 
 Vertical Shifting No application id updated. 
 Vertical Shifting No flat id updated. 
 Category Shifting No application id updated. 
 Category Shifting No flat id updated. 
  
 2017-11-16 05:36:07 
 No User id updated. 
 Vertical Shifting No application id updated. 
 Vertical Shifting No flat id updated. 
 Category Shifting No application id updated. 
 Category Shifting No flat id updated. 
  
 2017-11-17 09:25:47 
 No User id updated. 
 Vertical Shifting No application id updated. 
 Vertical Shifting No flat id updated. 
 Category Shifting No application id updated. 
 Category Shifting No flat id updated. 
  
 2017-11-18 11:31:20 
 No User id updated. 
 Vertical Shifting No application id updated. 
 Vertical Shifting No flat id updated. 
 Category Shifting No application id updated. 
 Category Shifting No flat id updated. 
  
 2017-11-19 14:04:39 
 No User id updated. 
 Vertical Shifting No application id updated. 
 Vertical Shifting No flat id updated. 
 Category Shifting No application id updated. 
 Category Shifting No flat id updated. 
  
 2017-11-20 14:07:40 
 No User id updated. 
 Vertical Shifting No application id updated. 
 Vertical Shifting No flat id updated. 
 Category Shifting No application id updated. 
 Category Shifting No flat id updated. 
  
 2017-11-21 14:15:42 
 No User id updated. 
 Vertical Shifting No application id updated. 
 Vertical Shifting No flat id updated. 
 Category Shifting No application id updated. 
 Category Shifting No flat id updated. 
  
 2017-11-22 14:15:47 
 No User id updated. 
 Vertical Shifting No application id updated. 
 Vertical Shifting No flat id updated. 
 Category Shifting No application id updated. 
 Category Shifting No flat id updated. 
  
 2017-11-23 14:24:53 
 No User id updated. 
 Vertical Shifting No application id updated. 
 Vertical Shifting No flat id updated. 
 Category Shifting No application id updated. 
 Category Shifting No flat id updated. 
  
 2017-11-24 14:27:14 
 No User id updated. 
 Vertical Shifting No application id updated. 
 Vertical Shifting No flat id updated. 
 Category Shifting No application id updated. 
 Category Shifting No flat id updated. 
  
 2017-11-25 22:59:39 
 No User id updated. 
 Vertical Shifting No application id updated. 
 Vertical Shifting No flat id updated. 
 Category Shifting No application id updated. 
 Category Shifting No flat id updated. 
  
 2017-11-27 11:16:00 
 No User id updated. 
 Vertical Shifting No application id updated. 
 Vertical Shifting No flat id updated. 
 Category Shifting No application id updated. 
 Category Shifting No flat id updated. 
  
 2017-11-28 11:22:25 
 No User id updated. 
 Vertical Shifting No application id updated. 
 Vertical Shifting No flat id updated. 
 Category Shifting No application id updated. 
 Category Shifting No flat id updated. 
  
 2017-11-29 12:00:07 
 No User id updated. 
 Vertical Shifting No application id updated. 
 Vertical Shifting No flat id updated. 
 Category Shifting No application id updated. 
 Category Shifting No flat id updated. 
  
 2017-11-30 12:06:42 
 No User id updated. 
 Vertical Shifting No application id updated. 
 Vertical Shifting No flat id updated. 
 Category Shifting No application id updated. 
 Category Shifting No flat id updated. 
  
 2017-12-01 12:06:51 
 No User id updated. 
 Vertical Shifting No application id updated. 
 Vertical Shifting No flat id updated. 
 Category Shifting No application id updated. 
 Category Shifting No flat id updated. 
  
 2017-12-02 18:48:17 
 No User id updated. 
 Vertical Shifting No application id updated. 
 Vertical Shifting No flat id updated. 
 Category Shifting No application id updated. 
 Category Shifting No flat id updated. 
  
 2017-12-03 23:27:48 
 No User id updated. 
 Vertical Shifting No application id updated. 
 Vertical Shifting No flat id updated. 
 Category Shifting No application id updated. 
 Category Shifting No flat id updated. 
  
 2017-12-05 03:01:11 
 No User id updated. 
 Vertical Shifting No application id updated. 
 Vertical Shifting No flat id updated. 
 Category Shifting No application id updated. 
 Category Shifting No flat id updated. 
  
 2017-12-06 03:35:39 
 No User id updated. 
 Vertical Shifting No application id updated. 
 Vertical Shifting No flat id updated. 
 Category Shifting No application id updated. 
 Category Shifting No flat id updated. 
  
 2017-12-07 06:33:22 
 No User id updated. 
 Vertical Shifting No application id updated. 
 Vertical Shifting No flat id updated. 
 Category Shifting No application id updated. 
 Category Shifting No flat id updated. 
  
 2017-12-08 06:52:52 
 No User id updated. 
 Vertical Shifting No application id updated. 
 Vertical Shifting No flat id updated. 
 Category Shifting No application id updated. 
 Category Shifting No flat id updated. 
  
 2017-12-09 08:40:51 
 No User id updated. 
 Vertical Shifting No application id updated. 
 Vertical Shifting No flat id updated. 
 Category Shifting No application id updated. 
 Category Shifting No flat id updated. 
  
 2017-12-10 08:58:08 
 No User id updated. 
 Vertical Shifting No application id updated. 
 Vertical Shifting No flat id updated. 
 Category Shifting No application id updated. 
 Category Shifting No flat id updated. 
  
 2017-12-11 10:54:12 
 No User id updated. 
 Vertical Shifting No application id updated. 
 Vertical Shifting No flat id updated. 
 Category Shifting No application id updated. 
 Category Shifting No flat id updated. 
  
 2017-12-12 11:03:51 
 No User id updated. 
 Vertical Shifting No application id updated. 
 Vertical Shifting No flat id updated. 
 Category Shifting No application id updated. 
 Category Shifting No flat id updated. 
  
 2017-12-13 11:23:24 
 No User id updated. 
 Vertical Shifting No application id updated. 
 Vertical Shifting No flat id updated. 
 Category Shifting No application id updated. 
 Category Shifting No flat id updated. 
  
 2017-12-14 11:24:30 
 No User id updated. 
 Vertical Shifting No application id updated. 
 Vertical Shifting No flat id updated. 
 Category Shifting No application id updated. 
 Category Shifting No flat id updated. 
  
 2017-12-15 11:28:51 
 No User id updated. 
 Vertical Shifting No application id updated. 
 Vertical Shifting No flat id updated. 
 Category Shifting No application id updated. 
 Category Shifting No flat id updated. 
  
 2017-12-16 12:40:53 
 No User id updated. 
 Vertical Shifting No application id updated. 
 Vertical Shifting No flat id updated. 
 Category Shifting No application id updated. 
 Category Shifting No flat id updated. 
  
 2017-12-17 14:52:39 
 No User id updated. 
 Vertical Shifting No application id updated. 
 Vertical Shifting No flat id updated. 
 Category Shifting No application id updated. 
 Category Shifting No flat id updated. 
  
 2017-12-18 14:57:14 
 No User id updated. 
 Vertical Shifting No application id updated. 
 Vertical Shifting No flat id updated. 
 Category Shifting No application id updated. 
 Category Shifting No flat id updated. 
  
 2017-12-19 15:15:14 
 No User id updated. 
 Vertical Shifting No application id updated. 
 Vertical Shifting No flat id updated. 
 Category Shifting No application id updated. 
 Category Shifting No flat id updated. 
  
 2017-12-20 15:23:52 
 No User id updated. 
 Vertical Shifting No application id updated. 
 Vertical Shifting No flat id updated. 
 Category Shifting No application id updated. 
 Category Shifting No flat id updated. 
  
 2017-12-21 15:24:23 
 No User id updated. 
 Vertical Shifting No application id updated. 
 Vertical Shifting No flat id updated. 
 Category Shifting No application id updated. 
 Category Shifting No flat id updated. 
  
 2017-12-22 15:28:14 
 No User id updated. 
 Vertical Shifting No application id updated. 
 Vertical Shifting No flat id updated. 
 Category Shifting No application id updated. 
 Category Shifting No flat id updated. 
  
 2017-12-23 15:32:13 
 No User id updated. 
 Vertical Shifting No application id updated. 
 Vertical Shifting No flat id updated. 
 Category Shifting No application id updated. 
 Category Shifting No flat id updated. 
  
 2017-12-24 16:35:00 
 No User id updated. 
 Vertical Shifting No application id updated. 
 Vertical Shifting No flat id updated. 
 Category Shifting No application id updated. 
 Category Shifting No flat id updated. 
  
 2017-12-25 18:52:10 
 No User id updated. 
 Vertical Shifting No application id updated. 
 Vertical Shifting No flat id updated. 
 Category Shifting No application id updated. 
 Category Shifting No flat id updated. 
  
 2017-12-26 21:23:50 
 No User id updated. 
 Vertical Shifting No application id updated. 
 Vertical Shifting No flat id updated. 
 Category Shifting No application id updated. 
 Category Shifting No flat id updated. 
  
 2017-12-27 21:43:28 
 No User id updated. 
 Vertical Shifting No application id updated. 
 Vertical Shifting No flat id updated. 
 Category Shifting No application id updated. 
 Category Shifting No flat id updated. 
  
 2017-12-28 23:42:42 
 No User id updated. 
 Vertical Shifting No application id updated. 
 Vertical Shifting No flat id updated. 
 Category Shifting No application id updated. 
 Category Shifting No flat id updated. 
  
 2017-12-30 00:41:38 
 No User id updated. 
 Vertical Shifting No application id updated. 
 Vertical Shifting No flat id updated. 
 Category Shifting No application id updated. 
 Category Shifting No flat id updated. 
  
 2017-12-31 01:41:10 
 No User id updated. 
 Vertical Shifting No application id updated. 
 Vertical Shifting No flat id updated. 
 Category Shifting No application id updated. 
 Category Shifting No flat id updated. 
  
 2018-01-01 02:00:08 
 No User id updated. 
 Vertical Shifting No application id updated. 
 Vertical Shifting No flat id updated. 
 Category Shifting No application id updated. 
 Category Shifting No flat id updated. 
  
 2018-01-02 02:48:57 
 No User id updated. 
 Vertical Shifting No application id updated. 
 Vertical Shifting No flat id updated. 
 Category Shifting No application id updated. 
 Category Shifting No flat id updated. 
  
 2018-01-03 08:55:00 
 No User id updated. 
 Vertical Shifting No application id updated. 
 Vertical Shifting No flat id updated. 
 Category Shifting No application id updated. 
 Category Shifting No flat id updated. 
  
 2018-01-04 11:11:59 
 No User id updated. 
 Vertical Shifting No application id updated. 
 Vertical Shifting No flat id updated. 
 Category Shifting No application id updated. 
 Category Shifting No flat id updated. 
  
 2018-01-05 11:16:37 
 No User id updated. 
 Vertical Shifting No application id updated. 
 Vertical Shifting No flat id updated. 
 Category Shifting No application id updated. 
 Category Shifting No flat id updated. 
  
 2018-01-06 12:32:22 
 No User id updated. 
 Vertical Shifting No application id updated. 
 Vertical Shifting No flat id updated. 
 Category Shifting No application id updated. 
 Category Shifting No flat id updated. 
  
 2018-01-07 12:35:14 
 No User id updated. 
 Vertical Shifting No application id updated. 
 Vertical Shifting No flat id updated. 
 Category Shifting No application id updated. 
 Category Shifting No flat id updated. 
  
 2018-01-08 12:36:22 
 No User id updated. 
 Vertical Shifting No application id updated. 
 Vertical Shifting No flat id updated. 
 Category Shifting No application id updated. 
 Category Shifting No flat id updated. 
  
 2018-01-09 12:36:26 
 No User id updated. 
 Vertical Shifting No application id updated. 
 Vertical Shifting No flat id updated. 
 Category Shifting No application id updated. 
 Category Shifting No flat id updated. 
  
 2018-01-10 15:11:31 
 No User id updated. 
 Vertical Shifting No application id updated. 
 Vertical Shifting No flat id updated. 
 Category Shifting No application id updated. 
 Category Shifting No flat id updated. 
  
 2018-01-11 16:15:12 
 No User id updated. 
 Vertical Shifting No application id updated. 
 Vertical Shifting No flat id updated. 
 Category Shifting No application id updated. 
 Category Shifting No flat id updated. 
  
 2018-01-12 18:46:33 
 No User id updated. 
 Vertical Shifting No application id updated. 
 Vertical Shifting No flat id updated. 
 Category Shifting No application id updated. 
 Category Shifting No flat id updated. 
  
 2018-01-13 20:59:41 
 No User id updated. 
 Vertical Shifting No application id updated. 
 Vertical Shifting No flat id updated. 
 Category Shifting No application id updated. 
 Category Shifting No flat id updated. 
  
 2018-01-14 23:07:35 
 No User id updated. 
 Vertical Shifting No application id updated. 
 Vertical Shifting No flat id updated. 
 Category Shifting No application id updated. 
 Category Shifting No flat id updated. 
  
 2018-01-16 00:05:01 
 No User id updated. 
 Vertical Shifting No application id updated. 
 Vertical Shifting No flat id updated. 
 Category Shifting No application id updated. 
 Category Shifting No flat id updated. 
  
 2018-01-17 03:51:29 
 No User id updated. 
 Vertical Shifting No application id updated. 
 Vertical Shifting No flat id updated. 
 Category Shifting No application id updated. 
 Category Shifting No flat id updated. 
  
 2018-01-18 04:28:29 
 No User id updated. 
 Vertical Shifting No application id updated. 
 Vertical Shifting No flat id updated. 
 Category Shifting No application id updated. 
 Category Shifting No flat id updated. 
  
 2018-01-19 06:10:47 
 No User id updated. 
 Vertical Shifting No application id updated. 
 Vertical Shifting No flat id updated. 
 Category Shifting No application id updated. 
 Category Shifting No flat id updated. 
  
 2018-01-20 07:35:29 
 No User id updated. 
 Vertical Shifting No application id updated. 
 Vertical Shifting No flat id updated. 
 Category Shifting No application id updated. 
 Category Shifting No flat id updated. 
  
 2018-01-21 08:03:54 
 No User id updated. 
 Vertical Shifting No application id updated. 
 Vertical Shifting No flat id updated. 
 Category Shifting No application id updated. 
 Category Shifting No flat id updated. 
  
 2018-01-22 08:59:43 
 No User id updated. 
 Vertical Shifting No application id updated. 
 Vertical Shifting No flat id updated. 
 Category Shifting No application id updated. 
 Category Shifting No flat id updated. 
  
 2018-01-23 09:38:42 
 No User id updated. 
 Vertical Shifting No application id updated. 
 Vertical Shifting No flat id updated. 
 Category Shifting No application id updated. 
 Category Shifting No flat id updated. 
  
 2018-01-24 10:26:14 
 No User id updated. 
 Vertical Shifting No application id updated. 
 Vertical Shifting No flat id updated. 
 Category Shifting No application id updated. 
 Category Shifting No flat id updated. 
  
 2018-01-25 12:12:18 
 No User id updated. 
 Vertical Shifting No application id updated. 
 Vertical Shifting No flat id updated. 
 Category Shifting No application id updated. 
 Category Shifting No flat id updated. 
  
 2018-01-26 16:32:51 
 No User id updated. 
 Vertical Shifting No application id updated. 
 Vertical Shifting No flat id updated. 
 Category Shifting No application id updated. 
 Category Shifting No flat id updated. 
  
 2018-01-27 18:43:22 
 No User id updated. 
 Vertical Shifting No application id updated. 
 Vertical Shifting No flat id updated. 
 Category Shifting No application id updated. 
 Category Shifting No flat id updated. 
  
 2018-01-28 20:09:18 
 No User id updated. 
 Vertical Shifting No application id updated. 
 Vertical Shifting No flat id updated. 
 Category Shifting No application id updated. 
 Category Shifting No flat id updated. 
  
 2018-01-29 20:11:26 
 No User id updated. 
 Vertical Shifting No application id updated. 
 Vertical Shifting No flat id updated. 
 Category Shifting No application id updated. 
 Category Shifting No flat id updated. 
  
 2018-01-31 04:38:18 
 No User id updated. 
 Vertical Shifting No application id updated. 
 Vertical Shifting No flat id updated. 
 Category Shifting No application id updated. 
 Category Shifting No flat id updated. 
  
 2018-02-01 05:49:42 
 No User id updated. 
 Vertical Shifting No application id updated. 
 Vertical Shifting No flat id updated. 
 Category Shifting No application id updated. 
 Category Shifting No flat id updated. 
  
 2018-02-02 08:11:58 
 No User id updated. 
 Vertical Shifting No application id updated. 
 Vertical Shifting No flat id updated. 
 Category Shifting No application id updated. 
 Category Shifting No flat id updated. 
  
 2018-02-03 10:08:15 
 No User id updated. 
 Vertical Shifting No application id updated. 
 Vertical Shifting No flat id updated. 
 Category Shifting No application id updated. 
 Category Shifting No flat id updated. 
  
 2018-02-04 11:20:29 
 No User id updated. 
 Vertical Shifting No application id updated. 
 Vertical Shifting No flat id updated. 
 Category Shifting No application id updated. 
 Category Shifting No flat id updated. 
  
 2018-02-05 11:21:15 
 No User id updated. 
 Vertical Shifting No application id updated. 
 Vertical Shifting No flat id updated. 
 Category Shifting No application id updated. 
 Category Shifting No flat id updated. 
  
 2018-02-06 11:23:12 
 No User id updated. 
 Vertical Shifting No application id updated. 
 Vertical Shifting No flat id updated. 
 Category Shifting No application id updated. 
 Category Shifting No flat id updated. 
  
 2018-02-07 12:19:59 
 No User id updated. 
 Vertical Shifting No application id updated. 
 Vertical Shifting No flat id updated. 
 Category Shifting No application id updated. 
 Category Shifting No flat id updated. 
  
 2018-02-08 12:28:48 
 No User id updated. 
 Vertical Shifting No application id updated. 
 Vertical Shifting No flat id updated. 
 Category Shifting No application id updated. 
 Category Shifting No flat id updated. 
  
 2018-02-09 14:55:54 
 No User id updated. 
 Vertical Shifting No application id updated. 
 Vertical Shifting No flat id updated. 
 Category Shifting No application id updated. 
 Category Shifting No flat id updated. 
  
 2018-02-10 16:21:48 
 No User id updated. 
 Vertical Shifting No application id updated. 
 Vertical Shifting No flat id updated. 
 Category Shifting No application id updated. 
 Category Shifting No flat id updated. 
  
 2018-02-11 20:18:04 
 No User id updated. 
 Vertical Shifting No application id updated. 
 Vertical Shifting No flat id updated. 
 Category Shifting No application id updated. 
 Category Shifting No flat id updated. 
  
 2018-02-12 21:12:41 
 No User id updated. 
 Vertical Shifting No application id updated. 
 Vertical Shifting No flat id updated. 
 Category Shifting No application id updated. 
 Category Shifting No flat id updated. 
  
 2018-02-13 21:57:49 
 No User id updated. 
 Vertical Shifting No application id updated. 
 Vertical Shifting No flat id updated. 
 Category Shifting No application id updated. 
 Category Shifting No flat id updated. 
  
 2018-02-15 00:20:40 
 No User id updated. 
 Vertical Shifting No application id updated. 
 Vertical Shifting No flat id updated. 
 Category Shifting No application id updated. 
 Category Shifting No flat id updated. 
  
 2018-02-16 00:22:20 
 No User id updated. 
 Vertical Shifting No application id updated. 
 Vertical Shifting No flat id updated. 
 Category Shifting No application id updated. 
 Category Shifting No flat id updated. 
  
 2018-02-17 01:58:19 
 No User id updated. 
 Vertical Shifting No application id updated. 
 Vertical Shifting No flat id updated. 
 Category Shifting No application id updated. 
 Category Shifting No flat id updated. 
  
 2018-02-18 02:53:43 
 No User id updated. 
 Vertical Shifting No application id updated. 
 Vertical Shifting No flat id updated. 
 Category Shifting No application id updated. 
 Category Shifting No flat id updated. 
  
 2018-02-19 03:39:05 
 No User id updated. 
 Vertical Shifting No application id updated. 
 Vertical Shifting No flat id updated. 
 Category Shifting No application id updated. 
 Category Shifting No flat id updated. 
  
 2018-02-20 06:04:29 
 No User id updated. 
 Vertical Shifting No application id updated. 
 Vertical Shifting No flat id updated. 
 Category Shifting No application id updated. 
 Category Shifting No flat id updated. 
  
 2018-02-21 08:32:29 
 No User id updated. 
 Vertical Shifting No application id updated. 
 Vertical Shifting No flat id updated. 
 Category Shifting No application id updated. 
 Category Shifting No flat id updated. 
  
 2018-02-22 08:35:03 
 No User id updated. 
 Vertical Shifting No application id updated. 
 Vertical Shifting No flat id updated. 
 Category Shifting No application id updated. 
 Category Shifting No flat id updated. 
  
 2018-02-23 10:53:55 
 No User id updated. 
 Vertical Shifting No application id updated. 
 Vertical Shifting No flat id updated. 
 Category Shifting No application id updated. 
 Category Shifting No flat id updated. 
  
 2018-02-24 13:10:08 
 No User id updated. 
 Vertical Shifting No application id updated. 
 Vertical Shifting No flat id updated. 
 Category Shifting No application id updated. 
 Category Shifting No flat id updated. 
  
 2018-02-25 16:22:38 
 No User id updated. 
 Vertical Shifting No application id updated. 
 Vertical Shifting No flat id updated. 
 Category Shifting No application id updated. 
 Category Shifting No flat id updated. 
  
 2018-02-26 16:22:40 
 No User id updated. 
 Vertical Shifting No application id updated. 
 Vertical Shifting No flat id updated. 
 Category Shifting No application id updated. 
 Category Shifting No flat id updated. 
  
 2018-02-27 16:22:40 
 No User id updated. 
 Vertical Shifting No application id updated. 
 Vertical Shifting No flat id updated. 
 Category Shifting No application id updated. 
 Category Shifting No flat id updated. 
  
 2018-02-28 19:21:17 
 No User id updated. 
 Vertical Shifting No application id updated. 
 Vertical Shifting No flat id updated. 
 Category Shifting No application id updated. 
 Category Shifting No flat id updated. 
  
 2018-03-01 20:17:08 
 No User id updated. 
 Vertical Shifting No application id updated. 
 Vertical Shifting No flat id updated. 
 Category Shifting No application id updated. 
 Category Shifting No flat id updated. 
  
 2018-03-02 21:11:10 
 No User id updated. 
 Vertical Shifting No application id updated. 
 Vertical Shifting No flat id updated. 
 Category Shifting No application id updated. 
 Category Shifting No flat id updated. 
  
 2018-03-03 22:06:04 
 No User id updated. 
 Vertical Shifting No application id updated. 
 Vertical Shifting No flat id updated. 
 Category Shifting No application id updated. 
 Category Shifting No flat id updated. 
  
 2018-03-05 04:59:25 
 No User id updated. 
 Vertical Shifting No application id updated. 
 Vertical Shifting No flat id updated. 
 Category Shifting No application id updated. 
 Category Shifting No flat id updated. 
  
 2018-03-06 09:18:24 
 No User id updated. 
 Vertical Shifting No application id updated. 
 Vertical Shifting No flat id updated. 
 Category Shifting No application id updated. 
 Category Shifting No flat id updated. 
  
 2018-03-07 10:46:35 
 No User id updated. 
 Vertical Shifting No application id updated. 
 Vertical Shifting No flat id updated. 
 Category Shifting No application id updated. 
 Category Shifting No flat id updated. 
  
 2018-03-08 11:09:50 
 No User id updated. 
 Vertical Shifting No application id updated. 
 Vertical Shifting No flat id updated. 
 Category Shifting No application id updated. 
 Category Shifting No flat id updated. 
  
 2018-03-09 15:09:19 
 No User id updated. 
 Vertical Shifting No application id updated. 
 Vertical Shifting No flat id updated. 
 Category Shifting No application id updated. 
 Category Shifting No flat id updated. 
  
 2018-03-10 16:05:22 
 No User id updated. 
 Vertical Shifting No application id updated. 
 Vertical Shifting No flat id updated. 
 Category Shifting No application id updated. 
 Category Shifting No flat id updated. 
  
 2018-03-11 16:22:37 
 No User id updated. 
 Vertical Shifting No application id updated. 
 Vertical Shifting No flat id updated. 
 Category Shifting No application id updated. 
 Category Shifting No flat id updated. 
  
 2018-03-12 16:30:27 
 No User id updated. 
 Vertical Shifting No application id updated. 
 Vertical Shifting No flat id updated. 
 Category Shifting No application id updated. 
 Category Shifting No flat id updated. 
  
 2018-03-13 17:29:14 
 No User id updated. 
 Vertical Shifting No application id updated. 
 Vertical Shifting No flat id updated. 
 Category Shifting No application id updated. 
 Category Shifting No flat id updated. 
  
 2018-03-14 23:10:21 
 No User id updated. 
 Vertical Shifting No application id updated. 
 Vertical Shifting No flat id updated. 
 Category Shifting No application id updated. 
 Category Shifting No flat id updated. 
  
 2018-03-15 23:35:22 
 No User id updated. 
 Vertical Shifting No application id updated. 
 Vertical Shifting No flat id updated. 
 Category Shifting No application id updated. 
 Category Shifting No flat id updated. 
  
 2018-03-17 03:09:57 
 No User id updated. 
 Vertical Shifting No application id updated. 
 Vertical Shifting No flat id updated. 
 Category Shifting No application id updated. 
 Category Shifting No flat id updated. 
  
 2018-03-18 11:03:42 
 No User id updated. 
 Vertical Shifting No application id updated. 
 Vertical Shifting No flat id updated. 
 Category Shifting No application id updated. 
 Category Shifting No flat id updated. 
  
 2018-03-19 11:18:14 
 No User id updated. 
 Vertical Shifting No application id updated. 
 Vertical Shifting No flat id updated. 
 Category Shifting No application id updated. 
 Category Shifting No flat id updated. 
  
 2018-03-20 12:17:58 
 No User id updated. 
 Vertical Shifting No application id updated. 
 Vertical Shifting No flat id updated. 
 Category Shifting No application id updated. 
 Category Shifting No flat id updated. 
  
 2018-03-21 14:52:03 
 No User id updated. 
 Vertical Shifting No application id updated. 
 Vertical Shifting No flat id updated. 
 Category Shifting No application id updated. 
 Category Shifting No flat id updated. 
  
 2018-03-22 15:22:38 
 No User id updated. 
 Vertical Shifting No application id updated. 
 Vertical Shifting No flat id updated. 
 Category Shifting No application id updated. 
 Category Shifting No flat id updated. 
  
 2018-03-23 15:22:44 
 No User id updated. 
 Vertical Shifting No application id updated. 
 Vertical Shifting No flat id updated. 
 Category Shifting No application id updated. 
 Category Shifting No flat id updated. 
  
 2018-03-24 16:28:29 
 No User id updated. 
 Vertical Shifting No application id updated. 
 Vertical Shifting No flat id updated. 
 Category Shifting No application id updated. 
 Category Shifting No flat id updated. 
  
 2018-03-25 16:28:46 
 No User id updated. 
 Vertical Shifting No application id updated. 
 Vertical Shifting No flat id updated. 
 Category Shifting No application id updated. 
 Category Shifting No flat id updated. 
  
 2018-03-26 16:36:10 
 No User id updated. 
 Vertical Shifting No application id updated. 
 Vertical Shifting No flat id updated. 
 Category Shifting No application id updated. 
 Category Shifting No flat id updated. 
  
 2018-03-27 16:52:35 
 No User id updated. 
 Vertical Shifting No application id updated. 
 Vertical Shifting No flat id updated. 
 Category Shifting No application id updated. 
 Category Shifting No flat id updated. 
  
 2018-03-28 17:16:16 
 No User id updated. 
 Vertical Shifting No application id updated. 
 Vertical Shifting No flat id updated. 
 Category Shifting No application id updated. 
 Category Shifting No flat id updated. 
  
 2018-03-30 00:45:13 
 No User id updated. 
 Vertical Shifting No application id updated. 
 Vertical Shifting No flat id updated. 
 Category Shifting No application id updated. 
 Category Shifting No flat id updated. 
  
 2018-03-31 00:47:08 
 No User id updated. 
 Vertical Shifting No application id updated. 
 Vertical Shifting No flat id updated. 
 Category Shifting No application id updated. 
 Category Shifting No flat id updated. 
  
 2018-04-01 01:48:04 
 No User id updated. 
 Vertical Shifting No application id updated. 
 Vertical Shifting No flat id updated. 
 Category Shifting No application id updated. 
 Category Shifting No flat id updated. 
  
 2018-04-02 07:29:16 
 No User id updated. 
 Vertical Shifting No application id updated. 
 Vertical Shifting No flat id updated. 
 Category Shifting No application id updated. 
 Category Shifting No flat id updated. 
  
 2018-04-03 07:59:31 
 No User id updated. 
 Vertical Shifting No application id updated. 
 Vertical Shifting No flat id updated. 
 Category Shifting No application id updated. 
 Category Shifting No flat id updated. 
  
 2018-04-04 10:54:06 
 No User id updated. 
 Vertical Shifting No application id updated. 
 Vertical Shifting No flat id updated. 
 Category Shifting No application id updated. 
 Category Shifting No flat id updated. 
  
 2018-04-05 11:28:50 
 No User id updated. 
 Vertical Shifting No application id updated. 
 Vertical Shifting No flat id updated. 
 Category Shifting No application id updated. 
 Category Shifting No flat id updated. 
  
 2018-04-06 11:35:49 
 No User id updated. 
 Vertical Shifting No application id updated. 
 Vertical Shifting No flat id updated. 
 Category Shifting No application id updated. 
 Category Shifting No flat id updated. 
  
 2018-04-07 15:23:05 
 No User id updated. 
 Vertical Shifting No application id updated. 
 Vertical Shifting No flat id updated. 
 Category Shifting No application id updated. 
 Category Shifting No flat id updated. 
  
 2018-04-08 15:52:47 
 No User id updated. 
 Vertical Shifting No application id updated. 
 Vertical Shifting No flat id updated. 
 Category Shifting No application id updated. 
 Category Shifting No flat id updated. 
  
 2018-04-09 21:41:48 
 No User id updated. 
 Vertical Shifting No application id updated. 
 Vertical Shifting No flat id updated. 
 Category Shifting No application id updated. 
 Category Shifting No flat id updated. 
  
 2018-04-10 21:45:00 
 No User id updated. 
 Vertical Shifting No application id updated. 
 Vertical Shifting No flat id updated. 
 Category Shifting No application id updated. 
 Category Shifting No flat id updated. 
  
 2018-04-11 21:45:48 
 No User id updated. 
 Vertical Shifting No application id updated. 
 Vertical Shifting No flat id updated. 
 Category Shifting No application id updated. 
 Category Shifting No flat id updated. 
  
 2018-04-12 21:46:36 
 No User id updated. 
 Vertical Shifting No application id updated. 
 Vertical Shifting No flat id updated. 
 Category Shifting No application id updated. 
 Category Shifting No flat id updated. 
  
 2018-04-13 21:47:04 
 No User id updated. 
 Vertical Shifting No application id updated. 
 Vertical Shifting No flat id updated. 
 Category Shifting No application id updated. 
 Category Shifting No flat id updated. 
  
 2018-04-14 21:51:51 
 No User id updated. 
 Vertical Shifting No application id updated. 
 Vertical Shifting No flat id updated. 
 Category Shifting No application id updated. 
 Category Shifting No flat id updated. 
  
 2018-04-15 21:54:24 
 No User id updated. 
 Vertical Shifting No application id updated. 
 Vertical Shifting No flat id updated. 
 Category Shifting No application id updated. 
 Category Shifting No flat id updated. 
  
 2018-04-16 21:54:57 
 No User id updated. 
 Vertical Shifting No application id updated. 
 Vertical Shifting No flat id updated. 
 Category Shifting No application id updated. 
 Category Shifting No flat id updated. 
  
 2018-04-17 21:55:32 
 No User id updated. 
 Vertical Shifting No application id updated. 
 Vertical Shifting No flat id updated. 
 Category Shifting No application id updated. 
 Category Shifting No flat id updated. 
  
 2018-04-18 21:57:18 
 No User id updated. 
 Vertical Shifting No application id updated. 
 Vertical Shifting No flat id updated. 
 Category Shifting No application id updated. 
 Category Shifting No flat id updated. 
  
 2018-04-19 21:58:57 
 No User id updated. 
 Vertical Shifting No application id updated. 
 Vertical Shifting No flat id updated. 
 Category Shifting No application id updated. 
 Category Shifting No flat id updated. 
  
 2018-04-20 21:59:35 
 No User id updated. 
 Vertical Shifting No application id updated. 
 Vertical Shifting No flat id updated. 
 Category Shifting No application id updated. 
 Category Shifting No flat id updated. 
  
 2018-04-21 22:00:35 
 No User id updated. 
 Vertical Shifting No application id updated. 
 Vertical Shifting No flat id updated. 
 Category Shifting No application id updated. 
 Category Shifting No flat id updated. 
  
 2018-04-22 22:01:18 
 No User id updated. 
 Vertical Shifting No application id updated. 
 Vertical Shifting No flat id updated. 
 Category Shifting No application id updated. 
 Category Shifting No flat id updated. 
  
 2018-04-23 22:05:49 
 No User id updated. 
 Vertical Shifting No application id updated. 
 Vertical Shifting No flat id updated. 
 Category Shifting No application id updated. 
 Category Shifting No flat id updated. 
  
 2018-04-24 22:08:52 
 No User id updated. 
 Vertical Shifting No application id updated. 
 Vertical Shifting No flat id updated. 
 Category Shifting No application id updated. 
 Category Shifting No flat id updated. 
  
 2018-04-25 22:10:28 
 No User id updated. 
 Vertical Shifting No application id updated. 
 Vertical Shifting No flat id updated. 
 Category Shifting No application id updated. 
 Category Shifting No flat id updated. 
  
 2018-04-27 12:14:13 
 No User id updated. 
 Vertical Shifting No application id updated. 
 Vertical Shifting No flat id updated. 
 Category Shifting No application id updated. 
 Category Shifting No flat id updated. 
  
 2018-04-27 14:58:43 
 No User id updated. 
 Vertical Shifting No application id updated. 
 Vertical Shifting No flat id updated. 
 Category Shifting No application id updated. 
 Category Shifting No flat id updated. 
  
 2023-04-14 21:39:23 
 No User id updated. 
 New Allotment No online application ids updated. 
 New Allotment No flat ids updated. 
 Vertical Shifting No online application ids updated. 
 Vertical Shifting No flat ids updated. 
 Category Shifting No online application ids updated. 
 Category Shifting No flat ids updated. 
 New Allotment On 15 Days No Email sent to any User Id. 
 New Allotment On 25 Days No Email sent to any User Id. 
 Vertical Shifting On 15 Days No Email sent to any User Id. 
 Vertical Shifting On 25 Days No Email sent to any User Id. 
 Category Shifting On 15 Days No Email sent to any User Id. 
 Category Shifting On 25 Days No Email sent to any User Id. 
  
 2023-04-15 00:59:06 
 No User id updated. 
 New Allotment No online application ids updated. 
 New Allotment No flat ids updated. 
 Vertical Shifting No online application ids updated. 
 Vertical Shifting No flat ids updated. 
 Category Shifting No online application ids updated. 
 Category Shifting No flat ids updated. 
 New Allotment On 15 Days No Email sent to any User Id. 
 New Allotment On 25 Days No Email sent to any User Id. 
 Vertical Shifting On 15 Days No Email sent to any User Id. 
 Vertical Shifting On 25 Days No Email sent to any User Id. 
 Category Shifting On 15 Days No Email sent to any User Id. 
 Category Shifting On 25 Days No Email sent to any User Id. 
  
 2023-04-15 01:59:41 
 No User id updated. 
 New Allotment No online application ids updated. 
 New Allotment No flat ids updated. 
 Vertical Shifting No online application ids updated. 
 Vertical Shifting No flat ids updated. 
 Category Shifting No online application ids updated. 
 Category Shifting No flat ids updated. 
 New Allotment On 15 Days No Email sent to any User Id. 
 New Allotment On 25 Days No Email sent to any User Id. 
 Vertical Shifting On 15 Days No Email sent to any User Id. 
 Vertical Shifting On 25 Days No Email sent to any User Id. 
 Category Shifting On 15 Days No Email sent to any User Id. 
 Category Shifting On 25 Days No Email sent to any User Id. 
  
 2023-04-16 20:06:29 
 No User id updated. 
 New Allotment No online application ids updated. 
 New Allotment No flat ids updated. 
 Vertical Shifting No online application ids updated. 
 Vertical Shifting No flat ids updated. 
 Category Shifting No online application ids updated. 
 Category Shifting No flat ids updated. 
 New Allotment On 15 Days No Email sent to any User Id. 
 New Allotment On 25 Days No Email sent to any User Id. 
 Vertical Shifting On 15 Days No Email sent to any User Id. 
 Vertical Shifting On 25 Days No Email sent to any User Id. 
 Category Shifting On 15 Days No Email sent to any User Id. 
 Category Shifting On 25 Days No Email sent to any User Id. 
  
 2023-04-16 20:38:46 
 No User id updated. 
 New Allotment No online application ids updated. 
 New Allotment No flat ids updated. 
 Vertical Shifting No online application ids updated. 
 Vertical Shifting No flat ids updated. 
 Category Shifting No online application ids updated. 
 Category Shifting No flat ids updated. 
 New Allotment On 15 Days No Email sent to any User Id. 
 New Allotment On 25 Days No Email sent to any User Id. 
 Vertical Shifting On 15 Days No Email sent to any User Id. 
 Vertical Shifting On 25 Days No Email sent to any User Id. 
 Category Shifting On 15 Days No Email sent to any User Id. 
 Category Shifting On 25 Days No Email sent to any User Id. 
  
 2023-04-16 21:05:03 
 No User id updated. 
 New Allotment No online application ids updated. 
 New Allotment No flat ids updated. 
 Vertical Shifting No online application ids updated. 
 Vertical Shifting No flat ids updated. 
 Category Shifting No online application ids updated. 
 Category Shifting No flat ids updated. 
 New Allotment On 15 Days No Email sent to any User Id. 
 New Allotment On 25 Days No Email sent to any User Id. 
 Vertical Shifting On 15 Days No Email sent to any User Id. 
 Vertical Shifting On 25 Days No Email sent to any User Id. 
 Category Shifting On 15 Days No Email sent to any User Id. 
 Category Shifting On 25 Days No Email sent to any User Id. 
  
 2023-05-05 18:05:49 
 No User id updated. 
 New Allotment No online application ids updated. 
 New Allotment No flat ids updated. 
 Vertical Shifting No online application ids updated. 
 Vertical Shifting No flat ids updated. 
 Category Shifting No online application ids updated. 
 Category Shifting No flat ids updated. 
 New Allotment On 15 Days No Email sent to any User Id. 
 New Allotment On 25 Days No Email sent to any User Id. 
 Vertical Shifting On 15 Days No Email sent to any User Id. 
 Vertical Shifting On 25 Days No Email sent to any User Id. 
 Category Shifting On 15 Days No Email sent to any User Id. 
 Category Shifting On 25 Days No Email sent to any User Id. 
  
 2023-05-18 00:57:59 
 No User id updated. 
 New Allotment No online application ids updated. 
 New Allotment No flat ids updated. 
 Vertical Shifting No online application ids updated. 
 Vertical Shifting No flat ids updated. 
 Category Shifting No online application ids updated. 
 Category Shifting No flat ids updated. 
 New Allotment On 15 Days No Email sent to any User Id. 
 New Allotment On 25 Days No Email sent to any User Id. 
 Vertical Shifting On 15 Days No Email sent to any User Id. 
 Vertical Shifting On 25 Days No Email sent to any User Id. 
 Category Shifting On 15 Days No Email sent to any User Id. 
 Category Shifting On 25 Days No Email sent to any User Id. 
  
 2023-05-21 09:51:13 
 No User id updated. 
 New Allotment No online application ids updated. 
 New Allotment No flat ids updated. 
 Vertical Shifting No online application ids updated. 
 Vertical Shifting No flat ids updated. 
 Category Shifting No online application ids updated. 
 Category Shifting No flat ids updated. 
 New Allotment On 15 Days No Email sent to any User Id. 
 New Allotment On 25 Days No Email sent to any User Id. 
 Vertical Shifting On 15 Days No Email sent to any User Id. 
 Vertical Shifting On 25 Days No Email sent to any User Id. 
 Category Shifting On 15 Days No Email sent to any User Id. 
 Category Shifting On 25 Days No Email sent to any User Id. 
  
 2023-05-22 11:41:36 
 No User id updated. 
 New Allotment No online application ids updated. 
 New Allotment No flat ids updated. 
 Vertical Shifting No online application ids updated. 
 Vertical Shifting No flat ids updated. 
 Category Shifting No online application ids updated. 
 Category Shifting No flat ids updated. 
 New Allotment On 15 Days No Email sent to any User Id. 
 New Allotment On 25 Days No Email sent to any User Id. 
 Vertical Shifting On 15 Days No Email sent to any User Id. 
 Vertical Shifting On 25 Days No Email sent to any User Id. 
 Category Shifting On 15 Days No Email sent to any User Id. 
 Category Shifting On 25 Days No Email sent to any User Id. 
  
 2023-05-23 12:07:51 
 No User id updated. 
 New Allotment No online application ids updated. 
 New Allotment No flat ids updated. 
 Vertical Shifting No online application ids updated. 
 Vertical Shifting No flat ids updated. 
 Category Shifting No online application ids updated. 
 Category Shifting No flat ids updated. 
 New Allotment On 15 Days No Email sent to any User Id. 
 New Allotment On 25 Days No Email sent to any User Id. 
 Vertical Shifting On 15 Days No Email sent to any User Id. 
 Vertical Shifting On 25 Days No Email sent to any User Id. 
 Category Shifting On 15 Days No Email sent to any User Id. 
 Category Shifting On 25 Days No Email sent to any User Id. 
  
 2023-08-04 10:43:45 
 The updated User ids are 3111,3112 
 New Allotment No online application ids updated. 
 New Allotment No flat ids updated. 
 Vertical Shifting No online application ids updated. 
 Vertical Shifting No flat ids updated. 
 Category Shifting No online application ids updated. 
 Category Shifting No flat ids updated. 
 New Allotment On 15 Days No Email sent to any User Id. 
 New Allotment On 25 Days No Email sent to any User Id. 
 Vertical Shifting On 15 Days No Email sent to any User Id. 
 Vertical Shifting On 25 Days No Email sent to any User Id. 
 Category Shifting On 15 Days No Email sent to any User Id. 
 Category Shifting On 25 Days No Email sent to any User Id. 
  
 2023-08-07 11:40:23 
 The updated User ids are 3111 
 New Allotment No online application ids updated. 
 New Allotment No flat ids updated. 
 Vertical Shifting No online application ids updated. 
 Vertical Shifting No flat ids updated. 
 Category Shifting No online application ids updated. 
 Category Shifting No flat ids updated. 
 New Allotment On 15 Days No Email sent to any User Id. 
 New Allotment On 25 Days No Email sent to any User Id. 
 Vertical Shifting On 15 Days No Email sent to any User Id. 
 Vertical Shifting On 25 Days No Email sent to any User Id. 
 Category Shifting On 15 Days No Email sent to any User Id. 
 Category Shifting On 25 Days No Email sent to any User Id. 
  
 2023-10-31 12:23:39 
 The updated User ids are 3111 
 New Allotment No online application ids updated. 
 New Allotment No flat ids updated. 
 Vertical Shifting No online application ids updated. 
 Vertical Shifting No flat ids updated. 
 Category Shifting No online application ids updated. 
 Category Shifting No flat ids updated. 
 New Allotment On 15 Days No Email sent to any User Id. 
 New Allotment On 25 Days No Email sent to any User Id. 
 Vertical Shifting On 15 Days No Email sent to any User Id. 
 Vertical Shifting On 25 Days No Email sent to any User Id. 
 Category Shifting On 15 Days No Email sent to any User Id. 
 Category Shifting On 25 Days No Email sent to any User Id. 
  
 2023-11-01 13:51:28 
 No User id updated. 
 New Allotment No online application ids updated. 
 New Allotment No flat ids updated. 
 Vertical Shifting No online application ids updated. 
 Vertical Shifting No flat ids updated. 
 Category Shifting No online application ids updated. 
 Category Shifting No flat ids updated. 
 New Allotment On 15 Days No Email sent to any User Id. 
 New Allotment On 25 Days No Email sent to any User Id. 
 Vertical Shifting On 15 Days No Email sent to any User Id. 
 Vertical Shifting On 25 Days No Email sent to any User Id. 
 Category Shifting On 15 Days No Email sent to any User Id. 
 Category Shifting On 25 Days No Email sent to any User Id. 
  
 2023-11-03 14:55:32 
 No User id updated. 
 New Allotment No online application ids updated. 
 New Allotment No flat ids updated. 
 Vertical Shifting No online application ids updated. 
 Vertical Shifting No flat ids updated. 
 Category Shifting No online application ids updated. 
 Category Shifting No flat ids updated. 
 New Allotment On 15 Days No Email sent to any User Id. 
 New Allotment On 25 Days No Email sent to any User Id. 
 Vertical Shifting On 15 Days No Email sent to any User Id. 
 Vertical Shifting On 25 Days No Email sent to any User Id. 
 Category Shifting On 15 Days No Email sent to any User Id. 
 Category Shifting On 25 Days No Email sent to any User Id. 
  
 2023-11-21 14:23:06 
 The updated User ids are 3111 
 New Allotment No online application ids updated. 
 New Allotment No flat ids updated. 
 Vertical Shifting No online application ids updated. 
 Vertical Shifting No flat ids updated. 
 Category Shifting No online application ids updated. 
 Category Shifting No flat ids updated. 
 New Allotment On 15 Days No Email sent to any User Id. 
 New Allotment On 25 Days No Email sent to any User Id. 
 Vertical Shifting On 15 Days No Email sent to any User Id. 
 Vertical Shifting On 25 Days No Email sent to any User Id. 
 Category Shifting On 15 Days No Email sent to any User Id. 
 Category Shifting On 25 Days No Email sent to any User Id. 
  
 2023-11-22 17:24:15 
 No User id updated. 
 New Allotment No online application ids updated. 
 New Allotment No flat ids updated. 
 Vertical Shifting No online application ids updated. 
 Vertical Shifting No flat ids updated. 
 Category Shifting No online application ids updated. 
 Category Shifting No flat ids updated. 
 New Allotment On 15 Days No Email sent to any User Id. 
 New Allotment On 25 Days No Email sent to any User Id. 
 Vertical Shifting On 15 Days No Email sent to any User Id. 
 Vertical Shifting On 25 Days No Email sent to any User Id. 
 Category Shifting On 15 Days No Email sent to any User Id. 
 Category Shifting On 25 Days No Email sent to any User Id. 
  
 2023-11-23 17:54:43 
 No User id updated. 
 New Allotment No online application ids updated. 
 New Allotment No flat ids updated. 
 Vertical Shifting No online application ids updated. 
 Vertical Shifting No flat ids updated. 
 Category Shifting No online application ids updated. 
 Category Shifting No flat ids updated. 
 New Allotment On 15 Days No Email sent to any User Id. 
 New Allotment On 25 Days No Email sent to any User Id. 
 Vertical Shifting On 15 Days No Email sent to any User Id. 
 Vertical Shifting On 25 Days No Email sent to any User Id. 
 Category Shifting On 15 Days No Email sent to any User Id. 
 Category Shifting On 25 Days No Email sent to any User Id. 
  
 2023-11-28 12:53:41 
 No User id updated. 
 New Allotment No online application ids updated. 
 New Allotment No flat ids updated. 
 Vertical Shifting No online application ids updated. 
 Vertical Shifting No flat ids updated. 
 Category Shifting No online application ids updated. 
 Category Shifting No flat ids updated. 
 New Allotment On 15 Days No Email sent to any User Id. 
 New Allotment On 25 Days No Email sent to any User Id. 
 Vertical Shifting On 15 Days No Email sent to any User Id. 
 Vertical Shifting On 25 Days No Email sent to any User Id. 
 Category Shifting On 15 Days No Email sent to any User Id. 
 Category Shifting On 25 Days No Email sent to any User Id. 
  
 2023-11-30 11:27:15 
 No User id updated. 
 New Allotment No online application ids updated. 
 New Allotment No flat ids updated. 
 Vertical Shifting No online application ids updated. 
 Vertical Shifting No flat ids updated. 
 Category Shifting No online application ids updated. 
 Category Shifting No flat ids updated. 
 New Allotment On 15 Days No Email sent to any User Id. 
 New Allotment On 25 Days No Email sent to any User Id. 
 Vertical Shifting On 15 Days No Email sent to any User Id. 
 Vertical Shifting On 25 Days No Email sent to any User Id. 
 Category Shifting On 15 Days No Email sent to any User Id. 
 Category Shifting On 25 Days No Email sent to any User Id. 
  
 2023-12-01 12:34:04 
 No User id updated. 
 New Allotment No online application ids updated. 
 New Allotment No flat ids updated. 
 Vertical Shifting No online application ids updated. 
 Vertical Shifting No flat ids updated. 
 Category Shifting No online application ids updated. 
 Category Shifting No flat ids updated. 
 New Allotment On 15 Days No Email sent to any User Id. 
 New Allotment On 25 Days No Email sent to any User Id. 
 Vertical Shifting On 15 Days No Email sent to any User Id. 
 Vertical Shifting On 25 Days No Email sent to any User Id. 
 Category Shifting On 15 Days No Email sent to any User Id. 
 Category Shifting On 25 Days No Email sent to any User Id. 
  
 2023-12-04 11:13:41 
 No User id updated. 
 New Allotment No online application ids updated. 
 New Allotment No flat ids updated. 
 Vertical Shifting No online application ids updated. 
 Vertical Shifting No flat ids updated. 
 Category Shifting No online application ids updated. 
 Category Shifting No flat ids updated. 
 New Allotment On 15 Days No Email sent to any User Id. 
 New Allotment On 25 Days No Email sent to any User Id. 
 Vertical Shifting On 15 Days No Email sent to any User Id. 
 Vertical Shifting On 25 Days No Email sent to any User Id. 
 Category Shifting On 15 Days No Email sent to any User Id. 
 Category Shifting On 25 Days No Email sent to any User Id. 
  
 2023-12-05 13:18:22 
 No User id updated. 
 New Allotment No online application ids updated. 
 New Allotment No flat ids updated. 
 Vertical Shifting No online application ids updated. 
 Vertical Shifting No flat ids updated. 
 Category Shifting No online application ids updated. 
 Category Shifting No flat ids updated. 
 New Allotment On 15 Days No Email sent to any User Id. 
 New Allotment On 25 Days No Email sent to any User Id. 
 Vertical Shifting On 15 Days No Email sent to any User Id. 
 Vertical Shifting On 25 Days No Email sent to any User Id. 
 Category Shifting On 15 Days No Email sent to any User Id. 
 Category Shifting On 25 Days No Email sent to any User Id. 
  
 2024-01-12 10:02:51 
 The updated User ids are 3116 
 New Allotment No online application ids updated. 
 New Allotment No flat ids updated. 
 Vertical Shifting No online application ids updated. 
 Vertical Shifting No flat ids updated. 
 Category Shifting No online application ids updated. 
 Category Shifting No flat ids updated. 
 New Allotment On 15 Days No Email sent to any User Id. 
 New Allotment On 25 Days No Email sent to any User Id. 
 Vertical Shifting On 15 Days No Email sent to any User Id. 
 Vertical Shifting On 25 Days No Email sent to any User Id. 
 Category Shifting On 15 Days No Email sent to any User Id. 
 Category Shifting On 25 Days No Email sent to any User Id. 
  
 2024-01-13 10:18:22 
 No User id updated. 
 New Allotment No online application ids updated. 
 New Allotment No flat ids updated. 
 Vertical Shifting No online application ids updated. 
 Vertical Shifting No flat ids updated. 
 Category Shifting No online application ids updated. 
 Category Shifting No flat ids updated. 
 New Allotment On 15 Days No Email sent to any User Id. 
 New Allotment On 25 Days No Email sent to any User Id. 
 Vertical Shifting On 15 Days No Email sent to any User Id. 
 Vertical Shifting On 25 Days No Email sent to any User Id. 
 Category Shifting On 15 Days No Email sent to any User Id. 
 Category Shifting On 25 Days No Email sent to any User Id. 
  
 2024-01-15 12:43:59 
 No User id updated. 
 New Allotment No online application ids updated. 
 New Allotment No flat ids updated. 
 Vertical Shifting No online application ids updated. 
 Vertical Shifting No flat ids updated. 
 Category Shifting No online application ids updated. 
 Category Shifting No flat ids updated. 
 New Allotment On 15 Days No Email sent to any User Id. 
 New Allotment On 25 Days No Email sent to any User Id. 
 Vertical Shifting On 15 Days No Email sent to any User Id. 
 Vertical Shifting On 25 Days No Email sent to any User Id. 
 Category Shifting On 15 Days No Email sent to any User Id. 
 Category Shifting On 25 Days No Email sent to any User Id. 
  
 2024-01-16 13:58:38 
 The updated User ids are 3111 
 New Allotment No online application ids updated. 
 New Allotment No flat ids updated. 
 Vertical Shifting No online application ids updated. 
 Vertical Shifting No flat ids updated. 
 Category Shifting No online application ids updated. 
 Category Shifting No flat ids updated. 
 New Allotment On 15 Days No Email sent to any User Id. 
 New Allotment On 25 Days No Email sent to any User Id. 
 Vertical Shifting On 15 Days No Email sent to any User Id. 
 Vertical Shifting On 25 Days No Email sent to any User Id. 
 Category Shifting On 15 Days No Email sent to any User Id. 
 Category Shifting On 25 Days No Email sent to any User Id. 
  
 2024-01-17 14:01:19 
 The updated User ids are 3111 
 New Allotment No online application ids updated. 
 New Allotment No flat ids updated. 
 Vertical Shifting No online application ids updated. 
 Vertical Shifting No flat ids updated. 
 Category Shifting No online application ids updated. 
 Category Shifting No flat ids updated. 
 New Allotment On 15 Days No Email sent to any User Id. 
 New Allotment On 25 Days No Email sent to any User Id. 
 Vertical Shifting On 15 Days No Email sent to any User Id. 
 Vertical Shifting On 25 Days No Email sent to any User Id. 
 Category Shifting On 15 Days No Email sent to any User Id. 
 Category Shifting On 25 Days No Email sent to any User Id. 
  
 2024-01-30 10:55:08 
 The updated User ids are 3111 
 New Allotment No online application ids updated. 
 New Allotment No flat ids updated. 
 Vertical Shifting No online application ids updated. 
 Vertical Shifting No flat ids updated. 
 Category Shifting No online application ids updated. 
 Category Shifting No flat ids updated. 
 New Allotment On 15 Days No Email sent to any User Id. 
 New Allotment On 25 Days No Email sent to any User Id. 
 Vertical Shifting On 15 Days No Email sent to any User Id. 
 Vertical Shifting On 25 Days No Email sent to any User Id. 
 Category Shifting On 15 Days No Email sent to any User Id. 
 Category Shifting On 25 Days No Email sent to any User Id. 
  
 2024-02-07 14:06:27 
 The updated User ids are 3111 
 New Allotment No online application ids updated. 
 New Allotment No flat ids updated. 
 Vertical Shifting No online application ids updated. 
 Vertical Shifting No flat ids updated. 
 Category Shifting No online application ids updated. 
 Category Shifting No flat ids updated. 
 New Allotment On 15 Days No Email sent to any User Id. 
 New Allotment On 25 Days No Email sent to any User Id. 
 Vertical Shifting On 15 Days No Email sent to any User Id. 
 Vertical Shifting On 25 Days No Email sent to any User Id. 
 Category Shifting On 15 Days No Email sent to any User Id. 
 Category Shifting On 25 Days No Email sent to any User Id. 
  
 2024-02-08 14:29:08 
 No User id updated. 
 New Allotment No online application ids updated. 
 New Allotment No flat ids updated. 
 Vertical Shifting No online application ids updated. 
 Vertical Shifting No flat ids updated. 
 Category Shifting No online application ids updated. 
 Category Shifting No flat ids updated. 
 New Allotment On 15 Days No Email sent to any User Id. 
 New Allotment On 25 Days No Email sent to any User Id. 
 Vertical Shifting On 15 Days No Email sent to any User Id. 
 Vertical Shifting On 25 Days No Email sent to any User Id. 
 Category Shifting On 15 Days No Email sent to any User Id. 
 Category Shifting On 25 Days No Email sent to any User Id. 
  
 2024-02-09 14:31:14 
 The updated User ids are 3111 
 New Allotment No online application ids updated. 
 New Allotment No flat ids updated. 
 Vertical Shifting No online application ids updated. 
 Vertical Shifting No flat ids updated. 
 Category Shifting No online application ids updated. 
 Category Shifting No flat ids updated. 
 New Allotment On 15 Days No Email sent to any User Id. 
 New Allotment On 25 Days No Email sent to any User Id. 
 Vertical Shifting On 15 Days No Email sent to any User Id. 
 Vertical Shifting On 25 Days No Email sent to any User Id. 
 Category Shifting On 15 Days No Email sent to any User Id. 
 Category Shifting On 25 Days No Email sent to any User Id. 
  
 2024-02-12 08:46:18 
 The updated User ids are 3111 
 New Allotment No online application ids updated. 
 New Allotment No flat ids updated. 
 Vertical Shifting No online application ids updated. 
 Vertical Shifting No flat ids updated. 
 Category Shifting No online application ids updated. 
 Category Shifting No flat ids updated. 
 New Allotment On 15 Days No Email sent to any User Id. 
 New Allotment On 25 Days No Email sent to any User Id. 
 Vertical Shifting On 15 Days No Email sent to any User Id. 
 Vertical Shifting On 25 Days No Email sent to any User Id. 
 Category Shifting On 15 Days No Email sent to any User Id. 
 Category Shifting On 25 Days No Email sent to any User Id. 
  
 2024-02-16 11:55:12 
 The updated User ids are 3111 
 New Allotment No online application ids updated. 
 New Allotment No flat ids updated. 
 Vertical Shifting No online application ids updated. 
 Vertical Shifting No flat ids updated. 
 Category Shifting No online application ids updated. 
 Category Shifting No flat ids updated. 
 New Allotment On 15 Days No Email sent to any User Id. 
 New Allotment On 25 Days No Email sent to any User Id. 
 Vertical Shifting On 15 Days No Email sent to any User Id. 
 Vertical Shifting On 25 Days No Email sent to any User Id. 
 Category Shifting On 15 Days No Email sent to any User Id. 
 Category Shifting On 25 Days No Email sent to any User Id. 
  
 2024-02-21 11:43:14 
 The updated User ids are 3111 
 New Allotment No online application ids updated. 
 New Allotment No flat ids updated. 
 Vertical Shifting No online application ids updated. 
 Vertical Shifting No flat ids updated. 
 Category Shifting No online application ids updated. 
 Category Shifting No flat ids updated. 
 New Allotment On 15 Days No Email sent to any User Id. 
 New Allotment On 25 Days No Email sent to any User Id. 
 Vertical Shifting On 15 Days No Email sent to any User Id. 
 Vertical Shifting On 25 Days No Email sent to any User Id. 
 Category Shifting On 15 Days No Email sent to any User Id. 
 Category Shifting On 25 Days No Email sent to any User Id. 
  
 2024-02-22 11:44:17 
 The updated User ids are 3111 
 New Allotment No online application ids updated. 
 New Allotment No flat ids updated. 
 Vertical Shifting No online application ids updated. 
 Vertical Shifting No flat ids updated. 
 Category Shifting No online application ids updated. 
 Category Shifting No flat ids updated. 
 New Allotment On 15 Days No Email sent to any User Id. 
 New Allotment On 25 Days No Email sent to any User Id. 
 Vertical Shifting On 15 Days No Email sent to any User Id. 
 Vertical Shifting On 25 Days No Email sent to any User Id. 
 Category Shifting On 15 Days No Email sent to any User Id. 
 Category Shifting On 25 Days No Email sent to any User Id. 
  
 2024-02-27 11:24:52 
 The updated User ids are 3111 
 New Allotment No online application ids updated. 
 New Allotment No flat ids updated. 
 Vertical Shifting No online application ids updated. 
 Vertical Shifting No flat ids updated. 
 Category Shifting No online application ids updated. 
 Category Shifting No flat ids updated. 
 New Allotment On 15 Days No Email sent to any User Id. 
 New Allotment On 25 Days No Email sent to any User Id. 
 Vertical Shifting On 15 Days No Email sent to any User Id. 
 Vertical Shifting On 25 Days No Email sent to any User Id. 
 Category Shifting On 15 Days No Email sent to any User Id. 
 Category Shifting On 25 Days No Email sent to any User Id. 
  
 2024-03-06 11:36:01 
 No User id updated. 
 New Allotment No online application ids updated. 
 New Allotment No flat ids updated. 
 Vertical Shifting No online application ids updated. 
 Vertical Shifting No flat ids updated. 
 Category Shifting No online application ids updated. 
 Category Shifting No flat ids updated. 
 New Allotment On 15 Days No Email sent to any User Id. 
 New Allotment On 25 Days No Email sent to any User Id. 
 Vertical Shifting On 15 Days No Email sent to any User Id. 
 Vertical Shifting On 25 Days No Email sent to any User Id. 
 Category Shifting On 15 Days No Email sent to any User Id. 
 Category Shifting On 25 Days No Email sent to any User Id. 
  
 2024-03-07 11:52:50 
 No User id updated. 
 New Allotment No online application ids updated. 
 New Allotment No flat ids updated. 
 Vertical Shifting No online application ids updated. 
 Vertical Shifting No flat ids updated. 
 Category Shifting No online application ids updated. 
 Category Shifting No flat ids updated. 
 New Allotment On 15 Days No Email sent to any User Id. 
 New Allotment On 25 Days No Email sent to any User Id. 
 Vertical Shifting On 15 Days No Email sent to any User Id. 
 Vertical Shifting On 25 Days No Email sent to any User Id. 
 Category Shifting On 15 Days No Email sent to any User Id. 
 Category Shifting On 25 Days No Email sent to any User Id. 
  
 2024-03-11 12:16:47 
 No User id updated. 
 New Allotment No online application ids updated. 
 New Allotment No flat ids updated. 
 Vertical Shifting No online application ids updated. 
 Vertical Shifting No flat ids updated. 
 Category Shifting No online application ids updated. 
 Category Shifting No flat ids updated. 
 New Allotment On 15 Days No Email sent to any User Id. 
 New Allotment On 25 Days No Email sent to any User Id. 
 Vertical Shifting On 15 Days No Email sent to any User Id. 
 Vertical Shifting On 25 Days No Email sent to any User Id. 
 Category Shifting On 15 Days No Email sent to any User Id. 
 Category Shifting On 25 Days No Email sent to any User Id. 
  
 2024-03-13 17:30:47 
 No User id updated. 
 New Allotment No online application ids updated. 
 New Allotment No flat ids updated. 
 Vertical Shifting No online application ids updated. 
 Vertical Shifting No flat ids updated. 
 Category Shifting No online application ids updated. 
 Category Shifting No flat ids updated. 
 New Allotment On 15 Days No Email sent to any User Id. 
 New Allotment On 25 Days No Email sent to any User Id. 
 Vertical Shifting On 15 Days No Email sent to any User Id. 
 Vertical Shifting On 25 Days No Email sent to any User Id. 
 Category Shifting On 15 Days No Email sent to any User Id. 
 Category Shifting On 25 Days No Email sent to any User Id. 
  
 2024-03-15 11:04:01 
 No User id updated. 
 New Allotment No online application ids updated. 
 New Allotment No flat ids updated. 
 Vertical Shifting No online application ids updated. 
 Vertical Shifting No flat ids updated. 
 Category Shifting No online application ids updated. 
 Category Shifting No flat ids updated. 
 New Allotment On 15 Days No Email sent to any User Id. 
 New Allotment On 25 Days No Email sent to any User Id. 
 Vertical Shifting On 15 Days No Email sent to any User Id. 
 Vertical Shifting On 25 Days No Email sent to any User Id. 
 Category Shifting On 15 Days No Email sent to any User Id. 
 Category Shifting On 25 Days No Email sent to any User Id. 
  
 2024-03-18 14:19:05 
 The updated User ids are 3118 
 New Allotment No online application ids updated. 
 New Allotment No flat ids updated. 
 Vertical Shifting No online application ids updated. 
 Vertical Shifting No flat ids updated. 
 Category Shifting No online application ids updated. 
 Category Shifting No flat ids updated. 
 New Allotment On 15 Days No Email sent to any User Id. 
 New Allotment On 25 Days No Email sent to any User Id. 
 Vertical Shifting On 15 Days No Email sent to any User Id. 
 Vertical Shifting On 25 Days No Email sent to any User Id. 
 Category Shifting On 15 Days No Email sent to any User Id. 
 Category Shifting On 25 Days No Email sent to any User Id. 
  
 2024-03-19 14:27:08 
 No User id updated. 
 New Allotment No online application ids updated. 
 New Allotment No flat ids updated. 
 Vertical Shifting No online application ids updated. 
 Vertical Shifting No flat ids updated. 
 Category Shifting No online application ids updated. 
 Category Shifting No flat ids updated. 
 New Allotment On 15 Days No Email sent to any User Id. 
 New Allotment On 25 Days No Email sent to any User Id. 
 Vertical Shifting On 15 Days No Email sent to any User Id. 
 Vertical Shifting On 25 Days No Email sent to any User Id. 
 Category Shifting On 15 Days No Email sent to any User Id. 
 Category Shifting On 25 Days No Email sent to any User Id. 
  
 2024-04-12 11:37:02 
 No User id updated. 
 New Allotment No online application ids updated. 
 New Allotment No flat ids updated. 
 Vertical Shifting No online application ids updated. 
 Vertical Shifting No flat ids updated. 
 Category Shifting No online application ids updated. 
 Category Shifting No flat ids updated. 
 New Allotment On 15 Days No Email sent to any User Id. 
 New Allotment On 25 Days No Email sent to any User Id. 
 Vertical Shifting On 15 Days No Email sent to any User Id. 
 Vertical Shifting On 25 Days No Email sent to any User Id. 
 Category Shifting On 15 Days No Email sent to any User Id. 
 Category Shifting On 25 Days No Email sent to any User Id. 
 